Using pre-set license
Built from '2021.1/release' branch; Version is '2021.1.16f1 (5fa502fca597) revision 6268162'; Using compiler version '192528614'; Build Type 'Release'
OS: 'Windows 10 Enterprise; OS build 17134.1902; Version 1803; 64bit' Language: 'en' Physical Memory: 16191 MB
BatchMode: 1, IsHumanControllingUs: 0, StartBugReporterOnCrash: 0, Is64bit: 1, IsPro: 0

 COMMAND LINE ARGUMENTS:
C:\Program Files\Unity\Hub\Editor\2021.1.16f1\Editor\Unity.exe
-adb2
-batchMode
-noUpm
-name
AssetImportWorker0
-projectPath
C:/Users/gasawase/Documents/GitHub/PortfolioWork
-logFile
Logs/AssetImportWorker0.log
-srvPort
50935
Successfully changed project path to: C:/Users/gasawase/Documents/GitHub/PortfolioWork
C:/Users/gasawase/Documents/GitHub/PortfolioWork
Using Asset Import Pipeline V2.
Refreshing native plugins compatible for Editor in 76.88 ms, found 2 plugins.
Preloading 0 native plugins for Editor in 0.00 ms.
Initialize engine version: 2021.1.16f1 (5fa502fca597)
[Subsystems] Discovering subsystems at path C:/Program Files/Unity/Hub/Editor/2021.1.16f1/Editor/Data/Resources/UnitySubsystems
[Subsystems] Discovering subsystems at path C:/Users/gasawase/Documents/GitHub/PortfolioWork/Assets
GfxDevice: creating device client; threaded=0; jobified=0
Direct3D:
    Version:  Direct3D 11.0 [level 11.1]
    Renderer: NVIDIA GeForce GTX 1080 (ID=0x1b80)
    Vendor:   NVIDIA
    VRAM:     8079 MB
    Driver:   30.0.14.7168
Initialize mono
Mono path[0] = 'C:/Program Files/Unity/Hub/Editor/2021.1.16f1/Editor/Data/Managed'
Mono path[1] = 'C:/Program Files/Unity/Hub/Editor/2021.1.16f1/Editor/Data/MonoBleedingEdge/lib/mono/unityjit'
Mono config path = 'C:/Program Files/Unity/Hub/Editor/2021.1.16f1/Editor/Data/MonoBleedingEdge/etc'
Using monoOptions --debugger-agent=transport=dt_socket,embedding=1,server=y,suspend=n,address=127.0.0.1:56876
Begin MonoManager ReloadAssembly
Registering precompiled unity dll's ...
Register platform support module: C:/Program Files/Unity/Hub/Editor/2021.1.16f1/Editor/Data/PlaybackEngines/WindowsStandaloneSupport/UnityEditor.WindowsStandalone.Extensions.dll
Registered in 0.003746 seconds.
Native extension for WindowsStandalone target not found
Refreshing native plugins compatible for Editor in 65.93 ms, found 2 plugins.
Preloading 0 native plugins for Editor in 0.00 ms.
Mono: successfully reloaded assembly
- Completed reload, in  3.485 seconds
Domain Reload Profiling:
	ReloadAssembly (3485ms)
		BeginReloadAssembly (191ms)
			ExecutionOrderSort (0ms)
			DisableScriptedObjects (0ms)
			BackupInstance (0ms)
			ReleaseScriptingObjects (0ms)
			CreateAndSetChildDomain (1ms)
		EndReloadAssembly (596ms)
			LoadAssemblies (188ms)
			RebuildTransferFunctionScriptingTraits (0ms)
			SetupTypeCache (229ms)
			ReleaseScriptCaches (0ms)
			RebuildScriptCaches (39ms)
			SetupLoadedEditorAssemblies (263ms)
				LogAssemblyErrors (0ms)
				InitializePlatformSupportModulesInManaged (8ms)
				SetLoadedEditorAssemblies (0ms)
				RefreshPlugins (66ms)
				BeforeProcessingInitializeOnLoad (3ms)
				ProcessInitializeOnLoadAttributes (143ms)
				ProcessInitializeOnLoadMethodAttributes (43ms)
				AfterProcessingInitializeOnLoad (0ms)
				EditorAssembliesLoaded (0ms)
			ExecutionOrderSort2 (0ms)
			AwakeInstancesAfterBackupRestoration (0ms)
Platform modules already initialized, skipping
Registering precompiled user dll's ...
Registered in 0.010580 seconds.
Begin MonoManager ReloadAssembly
Native extension for WindowsStandalone target not found
Refreshing native plugins compatible for Editor in 57.49 ms, found 2 plugins.
Preloading 0 native plugins for Editor in 0.00 ms.
Mono: successfully reloaded assembly
- Completed reload, in  1.659 seconds
Domain Reload Profiling:
	ReloadAssembly (1660ms)
		BeginReloadAssembly (225ms)
			ExecutionOrderSort (0ms)
			DisableScriptedObjects (6ms)
			BackupInstance (0ms)
			ReleaseScriptingObjects (0ms)
			CreateAndSetChildDomain (27ms)
		EndReloadAssembly (1352ms)
			LoadAssemblies (161ms)
			RebuildTransferFunctionScriptingTraits (0ms)
			SetupTypeCache (485ms)
			ReleaseScriptCaches (1ms)
			RebuildScriptCaches (73ms)
			SetupLoadedEditorAssemblies (535ms)
				LogAssemblyErrors (0ms)
				InitializePlatformSupportModulesInManaged (4ms)
				SetLoadedEditorAssemblies (0ms)
				RefreshPlugins (58ms)
				BeforeProcessingInitializeOnLoad (80ms)
				ProcessInitializeOnLoadAttributes (375ms)
				ProcessInitializeOnLoadMethodAttributes (6ms)
				AfterProcessingInitializeOnLoad (12ms)
				EditorAssembliesLoaded (0ms)
			ExecutionOrderSort2 (0ms)
			AwakeInstancesAfterBackupRestoration (8ms)
Platform modules already initialized, skipping
========================================================================
Worker process is ready to serve import requests
Launched and connected shader compiler UnityShaderCompiler.exe after 0.05 seconds
Refreshing native plugins compatible for Editor in 0.72 ms, found 2 plugins.
Preloading 0 native plugins for Editor in 0.00 ms.
Unloading 2742 Unused Serialized files (Serialized files now loaded: 0)
System memory in use before: 129.1 MB.
System memory in use after: 129.3 MB.

Unloading 18 unused Assets to reduce memory usage. Loaded Objects now: 3194.
Total: 5.215860 ms (FindLiveObjects: 0.370147 ms CreateObjectMapping: 0.277887 ms MarkObjects: 4.464761 ms  DeleteObjects: 0.101403 ms)

AssetImportParameters requested are different than current active one (requested -> active):
  custom:framework-win-MediaFoundation: 216162199b28c13a410421893ffa2e32 -> 
  custom:video-decoder-ogg-theora: a1e56fd34408186e4bbccfd4996cb3dc -> 
  custom:container-muxer-webm: aa71ff27fc2769a1b78a27578f13a17b -> 
  custom:container-demuxer-webm: 4f35f7cbe854078d1ac9338744f61a02 -> 
  custom:container-demuxer-ogg: 62fdf1f143b41e24485cea50d1cbac27 -> 
  custom:video-encoder-webm-vp8: eb34c28f22e8b96e1ab97ce403110664 -> 
  custom:video-decoder-webm-vp8: 9c59270c3fd7afecdb556c50c9e8de78 -> 
  custom:audio-decoder-ogg-vorbis: bf7c407c2cedff20999df2af8eb42d56 -> 
  custom:audio-encoder-webm-vorbis: bf7c407c2cedff20999df2af8eb42d56 -> 
========================================================================
Received Import Request.
  path: Assets/ShaderScenes/MimicStealth/testSubShader.shadersubgraph
  artifactKey: Guid(05b652cddf62e0a45a4b968f879f836b) Importer(815301076,1909f56bfc062723c751e8b465ee728b)
Start importing Assets/ShaderScenes/MimicStealth/testSubShader.shadersubgraph using Guid(05b652cddf62e0a45a4b968f879f836b) Importer(815301076,1909f56bfc062723c751e8b465ee728b)  -> (artifact id: 'a896b4affde5fb921557804832bc15ac') in 0.048686 seconds 
========================================================================
Received Import Request.
  Time since last request: 19.065737 seconds.
  path: Assets/ShaderScenes/MimicStealth/MimicStealthSG.shadergraph
  artifactKey: Guid(a5c2945a74cd0884cb7a8f0aaa85a8ce) Importer(815301076,1909f56bfc062723c751e8b465ee728b)
Start importing Assets/ShaderScenes/MimicStealth/MimicStealthSG.shadergraph using Guid(a5c2945a74cd0884cb7a8f0aaa85a8ce) Importer(815301076,1909f56bfc062723c751e8b465ee728b)  -> (artifact id: '86bc069191817184cae122d0230a9e25') in 0.006620 seconds 
========================================================================
Received Import Request.
  Time since last request: 5.953529 seconds.
  path: Assets/ShaderScenes/MimicStealth/MimicStealthSG.shadergraph
  artifactKey: Guid(a5c2945a74cd0884cb7a8f0aaa85a8ce) Importer(815301076,1909f56bfc062723c751e8b465ee728b)
Start importing Assets/ShaderScenes/MimicStealth/MimicStealthSG.shadergraph using Guid(a5c2945a74cd0884cb7a8f0aaa85a8ce) Importer(815301076,1909f56bfc062723c751e8b465ee728b)  -> (artifact id: '501d2d57e148a374bde04a53d96d4537') in 0.004235 seconds 
========================================================================
Received Import Request.
  Time since last request: 1539.273712 seconds.
  path: Assets/ShaderScenes/MimicStealth/NewStealthMinicSG.shadergraph
  artifactKey: Guid(14bd248405fde4e4bab0195cec32eccd) Importer(815301076,1909f56bfc062723c751e8b465ee728b)
Start importing Assets/ShaderScenes/MimicStealth/NewStealthMinicSG.shadergraph using Guid(14bd248405fde4e4bab0195cec32eccd) Importer(815301076,1909f56bfc062723c751e8b465ee728b)  -> (artifact id: 'd793d77f5190fa00bf72392da8c9c25e') in 0.007971 seconds 
========================================================================
Received Import Request.
  Time since last request: 864.964491 seconds.
  path: Assets/ShaderScenes/MimicStealth/MimicStealthMat.mat
  artifactKey: Guid(7a2f50a0998abeb46b45c3446ee39557) Importer(815301076,1909f56bfc062723c751e8b465ee728b)
Start importing Assets/ShaderScenes/MimicStealth/MimicStealthMat.mat using Guid(7a2f50a0998abeb46b45c3446ee39557) Importer(815301076,1909f56bfc062723c751e8b465ee728b)  -> (artifact id: 'acc9f20c73c0d83a7a98075e4775d11a') in 0.358199 seconds 
