Using pre-set license
Built from '2020.3/staging' branch; Version is '2020.3.17f1 (a4537701e4ab) revision 10769271'; Using compiler version '192528614'; Build Type 'Release'
OS: 'Windows 10 Enterprise; OS build 17134.1902; Version 1803; 64bit' Language: 'en' Physical Memory: 16191 MB
BatchMode: 1, IsHumanControllingUs: 0, StartBugReporterOnCrash: 0, Is64bit: 1, IsPro: 0

COMMAND LINE ARGUMENTS:
C:\Program Files\Unity\Hub\Editor\2020.3.17f1\Editor\Unity.exe
-adb2
-batchMode
-noUpm
-name
AssetImportWorker0
-projectPath
C:/Users/gasawase/Documents/GitHub/PortfolioWork
-logFile
Logs/AssetImportWorker0.log
-srvPort
50743
Successfully changed project path to: C:/Users/gasawase/Documents/GitHub/PortfolioWork
C:/Users/gasawase/Documents/GitHub/PortfolioWork
Using Asset Import Pipeline V2.
Refreshing native plugins compatible for Editor in 57.35 ms, found 2 plugins.
Preloading 0 native plugins for Editor in 0.00 ms.
Initialize engine version: 2020.3.17f1 (a4537701e4ab)
[Subsystems] Discovering subsystems at path C:/Program Files/Unity/Hub/Editor/2020.3.17f1/Editor/Data/Resources/UnitySubsystems
[Subsystems] Discovering subsystems at path C:/Users/gasawase/Documents/GitHub/PortfolioWork/Assets
GfxDevice: creating device client; threaded=0
Direct3D:
    Version:  Direct3D 11.0 [level 11.1]
    Renderer: NVIDIA GeForce GTX 1080 (ID=0x1b80)
    Vendor:   
    VRAM:     8079 MB
    Driver:   30.0.14.7168
Initialize mono
Mono path[0] = 'C:/Program Files/Unity/Hub/Editor/2020.3.17f1/Editor/Data/Managed'
Mono path[1] = 'C:/Program Files/Unity/Hub/Editor/2020.3.17f1/Editor/Data/MonoBleedingEdge/lib/mono/unityjit'
Mono config path = 'C:/Program Files/Unity/Hub/Editor/2020.3.17f1/Editor/Data/MonoBleedingEdge/etc'
Using monoOptions --debugger-agent=transport=dt_socket,embedding=1,server=y,suspend=n,address=127.0.0.1:56400
Begin MonoManager ReloadAssembly
Registering precompiled unity dll's ...
Register platform support module: C:/Program Files/Unity/Hub/Editor/2020.3.17f1/Editor/Data/PlaybackEngines/WindowsStandaloneSupport/UnityEditor.WindowsStandalone.Extensions.dll
Registered in 0.002539 seconds.
Native extension for WindowsStandalone target not found
Refreshing native plugins compatible for Editor in 45.01 ms, found 2 plugins.
Preloading 0 native plugins for Editor in 0.00 ms.
Mono: successfully reloaded assembly
- Completed reload, in  1.420 seconds
Domain Reload Profiling:
	ReloadAssembly (1420ms)
		BeginReloadAssembly (68ms)
			ExecutionOrderSort (0ms)
			DisableScriptedObjects (0ms)
			BackupInstance (0ms)
			ReleaseScriptingObjects (0ms)
			CreateAndSetChildDomain (1ms)
		EndReloadAssembly (409ms)
			LoadAssemblies (65ms)
			RebuildTransferFunctionScriptingTraits (0ms)
			SetupTypeCache (137ms)
			ReleaseScriptCaches (0ms)
			RebuildScriptCaches (27ms)
			SetupLoadedEditorAssemblies (156ms)
				LogAssemblyErrors (0ms)
				InitializePlatformSupportModulesInManaged (4ms)
				SetLoadedEditorAssemblies (0ms)
				RefreshPlugins (45ms)
				BeforeProcessingInitializeOnLoad (11ms)
				ProcessInitializeOnLoadAttributes (70ms)
				ProcessInitializeOnLoadMethodAttributes (26ms)
				AfterProcessingInitializeOnLoad (0ms)
				EditorAssembliesLoaded (0ms)
			ExecutionOrderSort2 (0ms)
			AwakeInstancesAfterBackupRestoration (0ms)
Platform modules already initialized, skipping
Registering precompiled user dll's ...
Registered in 0.008361 seconds.
Begin MonoManager ReloadAssembly
Native extension for WindowsStandalone target not found
Refreshing native plugins compatible for Editor in 47.83 ms, found 2 plugins.
Preloading 0 native plugins for Editor in 0.00 ms.
Mono: successfully reloaded assembly
- Completed reload, in  1.183 seconds
Domain Reload Profiling:
	ReloadAssembly (1184ms)
		BeginReloadAssembly (151ms)
			ExecutionOrderSort (0ms)
			DisableScriptedObjects (4ms)
			BackupInstance (0ms)
			ReleaseScriptingObjects (0ms)
			CreateAndSetChildDomain (17ms)
		EndReloadAssembly (967ms)
			LoadAssemblies (113ms)
			RebuildTransferFunctionScriptingTraits (0ms)
			SetupTypeCache (290ms)
			ReleaseScriptCaches (1ms)
			RebuildScriptCaches (48ms)
			SetupLoadedEditorAssemblies (407ms)
				LogAssemblyErrors (0ms)
				InitializePlatformSupportModulesInManaged (3ms)
				SetLoadedEditorAssemblies (0ms)
				RefreshPlugins (48ms)
				BeforeProcessingInitializeOnLoad (87ms)
				ProcessInitializeOnLoadAttributes (257ms)
				ProcessInitializeOnLoadMethodAttributes (4ms)
				AfterProcessingInitializeOnLoad (8ms)
				EditorAssembliesLoaded (0ms)
			ExecutionOrderSort2 (0ms)
			AwakeInstancesAfterBackupRestoration (6ms)
Platform modules already initialized, skipping
========================================================================
Worker process is ready to serve import requests
Launched and connected shader compiler UnityShaderCompiler.exe after 0.04 seconds
Refreshing native plugins compatible for Editor in 0.47 ms, found 2 plugins.
Preloading 0 native plugins for Editor in 0.00 ms.
Unloading 2709 Unused Serialized files (Serialized files now loaded: 0)
System memory in use before: 124.3 MB.
System memory in use after: 124.5 MB.

Unloading 19 unused Assets to reduce memory usage. Loaded Objects now: 3144.
Total: 3.113558 ms (FindLiveObjects: 0.212225 ms CreateObjectMapping: 0.140745 ms MarkObjects: 2.640069 ms  DeleteObjects: 0.119688 ms)

AssetImportParameters requested are different than current active one (requested -> active):
  custom:framework-win-MediaFoundation: 216162199b28c13a410421893ffa2e32 -> 
  custom:video-decoder-ogg-theora: a1e56fd34408186e4bbccfd4996cb3dc -> 
  custom:container-muxer-webm: aa71ff27fc2769a1b78a27578f13a17b -> 
  custom:container-demuxer-webm: 4f35f7cbe854078d1ac9338744f61a02 -> 
  custom:container-demuxer-ogg: 62fdf1f143b41e24485cea50d1cbac27 -> 
  custom:video-encoder-webm-vp8: eb34c28f22e8b96e1ab97ce403110664 -> 
  custom:video-decoder-webm-vp8: 9c59270c3fd7afecdb556c50c9e8de78 -> 
  custom:audio-decoder-ogg-vorbis: bf7c407c2cedff20999df2af8eb42d56 -> 
  custom:audio-encoder-webm-vorbis: bf7c407c2cedff20999df2af8eb42d56 -> 
========================================================================
Received Import Request.
  path: Assets/Scripts/SimpleCameraController.cs
  artifactKey: Guid(be76e5f14cfee674cb30b491fb72b09b) Importer(815301076,1909f56bfc062723c751e8b465ee728b)
Start importing Assets/Scripts/SimpleCameraController.cs using Guid(be76e5f14cfee674cb30b491fb72b09b) Importer(815301076,1909f56bfc062723c751e8b465ee728b)  -> (artifact id: 'e6a794941a15252fee7bf727492298bd') in 0.030154 seconds 
  Import took 0.033466 seconds .

========================================================================
Received Import Request.
  Time since last request: 0.000422 seconds.
  path: Assets/Scripts
  artifactKey: Guid(02a3527b6b33a924e8ec66aa805ea717) Importer(815301076,1909f56bfc062723c751e8b465ee728b)
Start importing Assets/Scripts using Guid(02a3527b6b33a924e8ec66aa805ea717) Importer(815301076,1909f56bfc062723c751e8b465ee728b)  -> (artifact id: '3d22bec3b2937c29cd085e1506c06094') in 0.002756 seconds 
  Import took 0.006030 seconds .

========================================================================
Received Import Request.
  Time since last request: 10.606848 seconds.
  path: Assets/ShaderScenes/ToonShader/Demo
  artifactKey: Guid(eaf9ae0a767253740baccfddf19e1a96) Importer(815301076,1909f56bfc062723c751e8b465ee728b)
Start importing Assets/ShaderScenes/ToonShader/Demo using Guid(eaf9ae0a767253740baccfddf19e1a96) Importer(815301076,1909f56bfc062723c751e8b465ee728b)  -> (artifact id: '676ef3987d2641ce02461a41523d78b3') in 0.003416 seconds 
  Import took 0.007426 seconds .

========================================================================
Received Import Request.
  Time since last request: 1.736801 seconds.
  path: Assets/ShaderScenes/ToonShader/Demo/Demo.unity
  artifactKey: Guid(d8e21d65e4be3494fbcd3be260d7a7ca) Importer(815301076,1909f56bfc062723c751e8b465ee728b)
Start importing Assets/ShaderScenes/ToonShader/Demo/Demo.unity using Guid(d8e21d65e4be3494fbcd3be260d7a7ca) Importer(815301076,1909f56bfc062723c751e8b465ee728b)  -> (artifact id: '32c6b1b278c98074ae9242b610f8819b') in 0.013962 seconds 
  Import took 0.017815 seconds .

========================================================================
Received Import Request.
  Time since last request: 26.802207 seconds.
  path: Assets/ShaderScenes/Vortex/VortexScene.unity
  artifactKey: Guid(dcd659df89d7a4c4da9afede347fa036) Importer(815301076,1909f56bfc062723c751e8b465ee728b)
Start importing Assets/ShaderScenes/Vortex/VortexScene.unity using Guid(dcd659df89d7a4c4da9afede347fa036) Importer(815301076,1909f56bfc062723c751e8b465ee728b)  -> (artifact id: '21ccc45051c25edd83a4d28877fd5c4b') in 0.003868 seconds 
  Import took 0.008404 seconds .

========================================================================
Received Import Request.
  Time since last request: 203.609239 seconds.
  path: Assets/ShaderScenes/MimicStealth/MimicStealthSG.shadergraph
  artifactKey: Guid(a5c2945a74cd0884cb7a8f0aaa85a8ce) Importer(815301076,1909f56bfc062723c751e8b465ee728b)
Start importing Assets/ShaderScenes/MimicStealth/MimicStealthSG.shadergraph using Guid(a5c2945a74cd0884cb7a8f0aaa85a8ce) Importer(815301076,1909f56bfc062723c751e8b465ee728b)  -> (artifact id: '3503dffff5ef5588a61c6f3f8cb93217') in 0.029843 seconds 
  Import took 0.034971 seconds .

========================================================================
Received Import Request.
  Time since last request: 0.783875 seconds.
  path: Assets/ShaderScenes/MimicStealth/MimicStealthSG.shadergraph
  artifactKey: Guid(a5c2945a74cd0884cb7a8f0aaa85a8ce) Importer(815301076,1909f56bfc062723c751e8b465ee728b)
Start importing Assets/ShaderScenes/MimicStealth/MimicStealthSG.shadergraph using Guid(a5c2945a74cd0884cb7a8f0aaa85a8ce) Importer(815301076,1909f56bfc062723c751e8b465ee728b)  -> (artifact id: '3503dffff5ef5588a61c6f3f8cb93217') in 0.004806 seconds 
  Import took 0.008858 seconds .

========================================================================
Received Import Request.
  Time since last request: 248.653838 seconds.
  path: Assets/ShaderScenes/MimicStealth/MimicStealthSG.shadergraph
  artifactKey: Guid(a5c2945a74cd0884cb7a8f0aaa85a8ce) Importer(815301076,1909f56bfc062723c751e8b465ee728b)
Start importing Assets/ShaderScenes/MimicStealth/MimicStealthSG.shadergraph using Guid(a5c2945a74cd0884cb7a8f0aaa85a8ce) Importer(815301076,1909f56bfc062723c751e8b465ee728b)  -> (artifact id: 'e9b03c11ab1c01f3108d7149577b8272') in 0.006476 seconds 
  Import took 0.012255 seconds .

========================================================================
Received Import Request.
  Time since last request: 121.765582 seconds.
  path: Assets/ShaderScenes/MimicStealth/MimicStealthSG.shadergraph
  artifactKey: Guid(a5c2945a74cd0884cb7a8f0aaa85a8ce) Importer(815301076,1909f56bfc062723c751e8b465ee728b)
Start importing Assets/ShaderScenes/MimicStealth/MimicStealthSG.shadergraph using Guid(a5c2945a74cd0884cb7a8f0aaa85a8ce) Importer(815301076,1909f56bfc062723c751e8b465ee728b)  -> (artifact id: '6a63d3a850dfadae4d9446d856ca9a11') in 0.006221 seconds 
  Import took 0.013349 seconds .

========================================================================
Received Import Request.
  Time since last request: 0.000574 seconds.
  path: Assets/ShaderScenes/MimicStealth/MimicStealthSG.shadergraph
  artifactKey: Guid(a5c2945a74cd0884cb7a8f0aaa85a8ce) Importer(815301076,1909f56bfc062723c751e8b465ee728b)
Start importing Assets/ShaderScenes/MimicStealth/MimicStealthSG.shadergraph using Guid(a5c2945a74cd0884cb7a8f0aaa85a8ce) Importer(815301076,1909f56bfc062723c751e8b465ee728b)  -> (artifact id: '6a63d3a850dfadae4d9446d856ca9a11') in 0.006604 seconds 
  Import took 0.012250 seconds .

========================================================================
Received Import Request.
  Time since last request: 21.669175 seconds.
  path: Assets/ShaderScenes/MimicStealth/MimicStealthSG.shadergraph
  artifactKey: Guid(a5c2945a74cd0884cb7a8f0aaa85a8ce) Importer(815301076,1909f56bfc062723c751e8b465ee728b)
Start importing Assets/ShaderScenes/MimicStealth/MimicStealthSG.shadergraph using Guid(a5c2945a74cd0884cb7a8f0aaa85a8ce) Importer(815301076,1909f56bfc062723c751e8b465ee728b)  -> (artifact id: 'bc8c28256c3ab923b449154be5269ee5') in 0.005637 seconds 
  Import took 0.010464 seconds .

========================================================================
Received Import Request.
  Time since last request: 22.776275 seconds.
  path: Assets/ShaderScenes/MimicStealth/MimicStealthMat.mat
  artifactKey: Guid(7a2f50a0998abeb46b45c3446ee39557) Importer(815301076,1909f56bfc062723c751e8b465ee728b)
Start importing Assets/ShaderScenes/MimicStealth/MimicStealthMat.mat using Guid(7a2f50a0998abeb46b45c3446ee39557) Importer(815301076,1909f56bfc062723c751e8b465ee728b)  -> (artifact id: '32f11de3af5fe688ff71da34b4059dd7') in 0.309873 seconds 
  Import took 0.314889 seconds .

AssetImportWorkerClient::OnTransportError - code=2 error=End of file
